TN:
SF:src\components\GameCard.jsx
FN:4,GameCard
FNF:1
FNH:1
FNDA:7,GameCard
DA:1,1
DA:2,1
DA:3,1
DA:4,7
DA:5,7
DA:6,7
DA:7,7
DA:8,7
DA:9,7
DA:10,7
DA:11,7
DA:12,7
DA:13,7
DA:14,7
DA:15,7
DA:16,1
DA:17,7
DA:18,7
DA:19,1
DA:20,7
DA:21,7
DA:22,7
DA:23,7
DA:24,7
DA:25,7
DA:26,7
DA:27,7
DA:28,7
LF:28
LH:28
BRDA:4,0,0,7
BRDA:9,1,0,1
BRDA:15,2,0,1
BRDA:18,3,0,1
BRF:4
BRH:4
end_of_record
TN:
SF:src\contexts\AuthContext.jsx
FN:7,AuthProvider
FN:26,login
FN:40,register
FN:54,logout
FN:67,useAuth
FNF:5
FNH:5
FNDA:25,AuthProvider
FNDA:2,login
FNDA:2,register
FNDA:3,logout
FNDA:34,useAuth
DA:1,1
DA:2,1
DA:3,1
DA:4,1
DA:5,1
DA:6,1
DA:7,1
DA:8,25
DA:9,25
DA:10,25
DA:11,25
DA:12,25
DA:13,14
DA:14,5
DA:15,5
DA:16,5
DA:17,5
DA:18,5
DA:19,5
DA:20,5
DA:21,14
DA:22,9
DA:23,9
DA:24,25
DA:25,25
DA:26,25
DA:27,2
DA:28,2
DA:29,2
DA:30,2
DA:31,2
DA:32,2
DA:33,2
DA:34,1
DA:35,1
DA:36,1
DA:37,1
DA:38,2
DA:39,25
DA:40,25
DA:41,2
DA:42,2
DA:43,2
DA:44,2
DA:45,2
DA:46,2
DA:47,2
DA:48,1
DA:49,1
DA:50,1
DA:51,1
DA:52,2
DA:53,25
DA:54,25
DA:55,3
DA:56,3
DA:57,3
DA:58,3
DA:59,25
DA:60,25
DA:61,25
DA:62,25
DA:63,25
DA:64,25
DA:65,25
DA:66,1
DA:67,1
DA:68,34
DA:69,34
DA:70,34
DA:71,34
LF:71
LH:71
BRDA:7,0,0,25
BRDA:61,1,0,4
BRDA:9,2,0,10
BRDA:12,3,0,14
BRDA:13,4,0,5
BRDA:21,5,0,9
BRDA:17,6,0,5
BRDA:17,7,0,2
BRDA:17,8,0,3
BRDA:18,9,0,2
BRDA:18,10,0,0
BRDA:19,11,0,3
BRDA:20,12,0,5
BRDA:26,13,0,2
BRDA:33,14,0,1
BRDA:33,15,0,0
BRDA:40,16,0,2
BRDA:47,17,0,1
BRDA:47,18,0,0
BRDA:54,19,0,3
BRDA:67,20,0,34
BRDA:69,21,0,0
BRF:22
BRH:18
end_of_record
TN:
SF:src\pages\Login.jsx
FN:6,Login
FN:13,handleSubmit
FN:51,onChange
FN:62,onChange
FNF:4
FNH:4
FNDA:14,Login
FNDA:2,handleSubmit
FNDA:2,onChange
FNDA:2,onChange
DA:1,1
DA:2,1
DA:3,1
DA:4,1
DA:5,1
DA:6,14
DA:7,14
DA:8,14
DA:9,14
DA:10,14
DA:11,14
DA:12,14
DA:13,14
DA:14,2
DA:15,2
DA:16,2
DA:17,2
DA:18,2
DA:19,1
DA:20,1
DA:21,1
DA:22,1
DA:23,2
DA:24,2
DA:25,14
DA:26,14
DA:27,14
DA:28,14
DA:29,14
DA:30,14
DA:31,14
DA:32,14
DA:33,14
DA:34,14
DA:35,14
DA:36,14
DA:37,14
DA:38,14
DA:39,14
DA:40,14
DA:41,14
DA:42,14
DA:43,14
DA:44,14
DA:45,14
DA:46,14
DA:47,14
DA:48,14
DA:49,14
DA:50,14
DA:51,14
DA:52,14
DA:53,14
DA:54,14
DA:55,14
DA:56,14
DA:57,14
DA:58,14
DA:59,14
DA:60,14
DA:61,14
DA:62,14
DA:63,14
DA:64,14
DA:65,14
DA:66,14
DA:67,14
DA:68,14
DA:69,14
DA:70,14
DA:71,14
DA:72,14
DA:73,14
DA:74,14
DA:75,14
DA:76,14
LF:76
LH:76
BRDA:6,0,0,14
BRDA:40,1,0,1
BRDA:66,2,0,2
BRDA:66,3,0,12
BRDA:13,4,0,2
BRDA:18,5,0,1
BRDA:51,6,0,2
BRDA:62,7,0,2
BRF:8
BRH:8
end_of_record
TN:
SF:src\pages\Register.jsx
FN:6,Register
FN:13,handleSubmit
FN:59,onChange
FN:70,onChange
FN:81,onChange
FN:92,onChange
FNF:6
FNH:6
FNDA:28,Register
FNDA:4,handleSubmit
FNDA:4,onChange
FNDA:4,onChange
FNDA:4,onChange
FNDA:4,onChange
DA:1,1
DA:2,1
DA:3,1
DA:4,1
DA:5,1
DA:6,28
DA:7,28
DA:8,28
DA:9,28
DA:10,28
DA:11,28
DA:12,28
DA:13,28
DA:14,4
DA:15,4
DA:16,4
DA:17,1
DA:18,1
DA:19,1
DA:20,4
DA:21,1
DA:22,1
DA:23,1
DA:24,2
DA:25,2
DA:26,2
DA:27,1
DA:28,1
DA:29,1
DA:30,1
DA:31,2
DA:32,4
DA:33,28
DA:34,28
DA:35,28
DA:36,28
DA:37,28
DA:38,28
DA:39,28
DA:40,28
DA:41,28
DA:42,28
DA:43,28
DA:44,28
DA:45,28
DA:46,28
DA:47,28
DA:48,28
DA:49,28
DA:50,28
DA:51,28
DA:52,28
DA:53,28
DA:54,28
DA:55,28
DA:56,28
DA:57,28
DA:58,28
DA:59,28
DA:60,28
DA:61,28
DA:62,28
DA:63,28
DA:64,28
DA:65,28
DA:66,28
DA:67,28
DA:68,28
DA:69,28
DA:70,28
DA:71,28
DA:72,28
DA:73,28
DA:74,28
DA:75,28
DA:76,28
DA:77,28
DA:78,28
DA:79,28
DA:80,28
DA:81,28
DA:82,28
DA:83,28
DA:84,28
DA:85,28
DA:86,28
DA:87,28
DA:88,28
DA:89,28
DA:90,28
DA:91,28
DA:92,28
DA:93,28
DA:94,28
DA:95,28
DA:96,28
DA:97,28
DA:98,28
DA:99,28
DA:100,28
DA:101,28
DA:102,28
DA:103,28
DA:104,28
DA:105,28
DA:106,28
LF:106
LH:106
BRDA:6,0,0,28
BRDA:48,1,0,3
BRDA:96,2,0,2
BRDA:96,3,0,26
BRDA:13,4,0,4
BRDA:16,5,0,1
BRDA:19,6,0,3
BRDA:20,7,0,1
BRDA:23,8,0,2
BRDA:26,9,0,1
BRDA:30,10,0,2
BRDA:59,11,0,4
BRDA:70,12,0,4
BRDA:81,13,0,4
BRDA:92,14,0,4
BRF:15
BRH:15
end_of_record
